Determining if the pthread_create exist failed with the following output:
Change Dir: /home/abdullah/catkin_ws/build/CMakeFiles/CMakeTmp

Run Build Command:"/usr/bin/make" "cmTC_5a500/fast"
/usr/bin/make -f CMakeFiles/cmTC_5a500.dir/build.make CMakeFiles/cmTC_5a500.dir/build
make[1]: Entering directory '/home/abdullah/catkin_ws/build/CMakeFiles/CMakeTmp'
Building C object CMakeFiles/cmTC_5a500.dir/CheckSymbolExists.c.o
/usr/bin/cc     -o CMakeFiles/cmTC_5a500.dir/CheckSymbolExists.c.o   -c /home/abdullah/catkin_ws/build/CMakeFiles/CMakeTmp/CheckSymbolExists.c
Linking C executable cmTC_5a500
/usr/bin/cmake -E cmake_link_script CMakeFiles/cmTC_5a500.dir/link.txt --verbose=1
/usr/bin/cc       CMakeFiles/cmTC_5a500.dir/CheckSymbolExists.c.o  -o cmTC_5a500 -rdynamic 
CMakeFiles/cmTC_5a500.dir/CheckSymbolExists.c.o: In function `main':
CheckSymbolExists.c:(.text+0x16): undefined reference to `pthread_create'
collect2: error: ld returned 1 exit status
CMakeFiles/cmTC_5a500.dir/build.make:97: recipe for target 'cmTC_5a500' failed
make[1]: *** [cmTC_5a500] Error 1
make[1]: Leaving directory '/home/abdullah/catkin_ws/build/CMakeFiles/CMakeTmp'
Makefile:126: recipe for target 'cmTC_5a500/fast' failed
make: *** [cmTC_5a500/fast] Error 2

File /home/abdullah/catkin_ws/build/CMakeFiles/CMakeTmp/CheckSymbolExists.c:
/* */
#include <pthread.h>

int main(int argc, char** argv)
{
  (void)argv;
#ifndef pthread_create
  return ((int*)(&pthread_create))[argc];
#else
  (void)argc;
  return 0;
#endif
}

Determining if the function pthread_create exists in the pthreads failed with the following output:
Change Dir: /home/abdullah/catkin_ws/build/CMakeFiles/CMakeTmp

Run Build Command:"/usr/bin/make" "cmTC_99206/fast"
/usr/bin/make -f CMakeFiles/cmTC_99206.dir/build.make CMakeFiles/cmTC_99206.dir/build
make[1]: Entering directory '/home/abdullah/catkin_ws/build/CMakeFiles/CMakeTmp'
Building C object CMakeFiles/cmTC_99206.dir/CheckFunctionExists.c.o
/usr/bin/cc    -DCHECK_FUNCTION_EXISTS=pthread_create   -o CMakeFiles/cmTC_99206.dir/CheckFunctionExists.c.o   -c /usr/share/cmake-3.5/Modules/CheckFunctionExists.c
Linking C executable cmTC_99206
/usr/bin/cmake -E cmake_link_script CMakeFiles/cmTC_99206.dir/link.txt --verbose=1
/usr/bin/cc   -DCHECK_FUNCTION_EXISTS=pthread_create    CMakeFiles/cmTC_99206.dir/CheckFunctionExists.c.o  -o cmTC_99206 -rdynamic -lpthreads 
/usr/bin/ld: cannot find -lpthreads
collect2: error: ld returned 1 exit status
CMakeFiles/cmTC_99206.dir/build.make:97: recipe for target 'cmTC_99206' failed
make[1]: *** [cmTC_99206] Error 1
make[1]: Leaving directory '/home/abdullah/catkin_ws/build/CMakeFiles/CMakeTmp'
Makefile:126: recipe for target 'cmTC_99206/fast' failed
make: *** [cmTC_99206/fast] Error 2


